<?xml version="1.0" encoding="UTF-8"?>
<testsuite xmlns:xsi="http://www.w3.org/2001/XMLSchema-instance" xsi:noNamespaceSchemaLocation="https://maven.apache.org/surefire/maven-surefire-plugin/xsd/surefire-test-report-3.0.xsd" version="3.0" name="com.rvlt.ecommerce.integration.AuthTest" time="0.329" tests="1" errors="0" skipped="0" failures="0">
  <properties>
[...]
</properties>
  <testcase name="inventoryRequiresAdminRole" classname="com.rvlt.ecommerce.integration.AuthTest" time="0.31">
    <system-out><![CDATA[2024-10-28T01:52:30.687-07:00  INFO 33676 --- [ecommerce] [           main] t.c.s.AnnotationConfigContextLoaderUtils : Could not detect default configuration classes for test class [com.rvlt.ecommerce.integration.AuthTest]: AuthTest does not declare any static, non-private, non-final, nested classes annotated with @Configuration.
2024-10-28T01:52:30.693-07:00  INFO 33676 --- [ecommerce] [           main] .b.t.c.SpringBootTestContextBootstrapper : Found @SpringBootConfiguration com.rvlt.EcommerceApplication for test class com.rvlt.ecommerce.integration.AuthTest
2024-10-28T01:52:30.707-07:00  INFO 33676 --- [ecommerce] [           main] com.rvlt._common.filter.RequestFilter    : /ec/inventories
2024-10-28T01:52:30.792-07:00  INFO 33676 --- [ecommerce] [           main] com.rvlt._common.filter.RequestFilter    : /ec/inventories
Hibernate: select u1_0.id,u1_0.created_at,u1_0.dob,u1_0.email,u1_0.firstname,u1_0.lastname,u1_0.role from users u1_0 where u1_0.id=?
Hibernate: select w1_0.id,p1_0.wishlist_id,p1_1.id,p1_1.in_stock,p1_1.name,p1_1.price,u1_0.id,u1_0.created_at,u1_0.dob,u1_0.email,u1_0.firstname,u1_0.lastname,u1_0.role from wishlists w1_0 left join wishlist_product p1_0 on w1_0.id=p1_0.wishlist_id left join products p1_1 on p1_1.id=p1_0.product_id left join users u1_0 on u1_0.id=w1_0.user_id where w1_0.user_id=?
2024-10-28T01:52:30.843-07:00  INFO 33676 --- [ecommerce] [           main] com.rvlt._common.filter.RequestFilter    : /ec/inventories
2024-10-28T01:52:30.864-07:00  INFO 33676 --- [ecommerce] [           main] com.rvlt._common.filter.RequestFilter    : /ec/inventories
Hibernate: select u1_0.id,u1_0.created_at,u1_0.dob,u1_0.email,u1_0.firstname,u1_0.lastname,u1_0.role from users u1_0 where u1_0.id=?
Hibernate: select w1_0.id,p1_0.wishlist_id,p1_1.id,p1_1.in_stock,p1_1.name,p1_1.price,u1_0.id,u1_0.created_at,u1_0.dob,u1_0.email,u1_0.firstname,u1_0.lastname,u1_0.role from wishlists w1_0 left join wishlist_product p1_0 on w1_0.id=p1_0.wishlist_id left join products p1_1 on p1_1.id=p1_0.product_id left join users u1_0 on u1_0.id=w1_0.user_id where w1_0.user_id=?
Hibernate: select i1_0.id,i1_0.balance,i1_0.cancel_failed,i1_0.cancel_in_progress_count,i1_0.cancelled_count,i1_0.delivered_count,i1_0.delivery_failed,i1_0.delivery_in_progress_count,i1_0.in_session_holding,i1_0.in_stock_count,i1_0.name,i1_0.processing_cancel_count,i1_0.processing_submit_count,i1_0.return_failed,i1_0.return_in_progress_count,i1_0.returned_count,i1_0.total_count from inventories i1_0 where i1_0.name=?
Hibernate: select p1_0.id,p1_0.in_stock,p1_0.name,p1_0.price from products p1_0 where p1_0.id=?
2024-10-28T01:52:30.908-07:00  INFO 33676 --- [ecommerce] [           main] com.rvlt._common.filter.RequestFilter    : /ec/inventories
Hibernate: update products set in_stock=?,name=?,price=? where id=?
Hibernate: update inventories set balance=?,cancel_failed=?,cancel_in_progress_count=?,cancelled_count=?,delivered_count=?,delivery_failed=?,delivery_in_progress_count=?,in_session_holding=?,in_stock_count=?,name=?,processing_cancel_count=?,processing_submit_count=?,return_failed=?,return_in_progress_count=?,returned_count=?,total_count=? where id=?
Hibernate: select i1_0.id,i1_0.balance,i1_0.cancel_failed,i1_0.cancel_in_progress_count,i1_0.cancelled_count,i1_0.delivered_count,i1_0.delivery_failed,i1_0.delivery_in_progress_count,i1_0.in_session_holding,i1_0.in_stock_count,i1_0.name,i1_0.processing_cancel_count,i1_0.processing_submit_count,i1_0.return_failed,i1_0.return_in_progress_count,i1_0.returned_count,i1_0.total_count from inventories i1_0
Hibernate: select p1_0.id,p1_0.in_stock,p1_0.name,p1_0.price from products p1_0 where p1_0.id=?
Hibernate: select p1_0.id,p1_0.in_stock,p1_0.name,p1_0.price from products p1_0 where p1_0.id=?
Hibernate: select p1_0.id,p1_0.in_stock,p1_0.name,p1_0.price from products p1_0 where p1_0.id=?
Hibernate: select p1_0.id,p1_0.in_stock,p1_0.name,p1_0.price from products p1_0 where p1_0.id=?
]]></system-out>
  </testcase>
</testsuite>