<?xml version="1.0" encoding="UTF-8"?>
<testsuite xmlns:xsi="http://www.w3.org/2001/XMLSchema-instance" xsi:noNamespaceSchemaLocation="https://maven.apache.org/surefire/maven-surefire-plugin/xsd/surefire-test-report-3.0.xsd" version="3.0" name="com.rvlt.ecommerce.EcommerceApplicationTests" time="21.523" tests="1" errors="0" skipped="0" failures="0">
  <properties>
[...]
</properties>
  <testcase name="contextLoads" classname="com.rvlt.ecommerce.EcommerceApplicationTests" time="0.711">
    <system-out><![CDATA[16:51:01.288 [main] INFO org.springframework.test.context.support.AnnotationConfigContextLoaderUtils -- Could not detect default configuration classes for test class [com.rvlt.ecommerce.EcommerceApplicationTests]: EcommerceApplicationTests does not declare any static, non-private, non-final, nested classes annotated with @Configuration.
16:51:01.510 [main] INFO org.springframework.boot.test.context.SpringBootTestContextBootstrapper -- Found @SpringBootConfiguration com.rvlt.EcommerceApplication for test class com.rvlt.ecommerce.EcommerceApplicationTests

  .   ____          _            __ _ _
 /\\ / ___'_ __ _ _(_)_ __  __ _ \ \ \ \
( ( )\___ | '_ | '_| | '_ \/ _` | \ \ \ \
 \\/  ___)| |_)| | | | | || (_| |  ) ) ) )
  '  |____| .__|_| |_|_| |_\__, | / / / /
 =========|_|==============|___/=/_/_/_/

 :: Spring Boot ::                (v3.3.1)

2024-09-16T16:51:02.108-07:00  INFO 16910 --- [ecommerce] [           main] c.r.ecommerce.EcommerceApplicationTests  : Starting EcommerceApplicationTests using Java 17.0.2 with PID 16910 (started by nguyencanhminh in /Users/nguyencanhminh/Downloads/code/rvlt/ecommerce)
2024-09-16T16:51:02.109-07:00  INFO 16910 --- [ecommerce] [           main] c.r.ecommerce.EcommerceApplicationTests  : No active profile set, falling back to 1 default profile: "default"
2024-09-16T16:51:04.012-07:00  INFO 16910 --- [ecommerce] [           main] .s.d.r.c.RepositoryConfigurationDelegate : Multiple Spring Data modules found, entering strict repository configuration mode
2024-09-16T16:51:04.013-07:00  INFO 16910 --- [ecommerce] [           main] .s.d.r.c.RepositoryConfigurationDelegate : Bootstrapping Spring Data JPA repositories in DEFAULT mode.
2024-09-16T16:51:04.137-07:00  INFO 16910 --- [ecommerce] [           main] .s.d.r.c.RepositoryConfigurationDelegate : Finished Spring Data repository scanning in 118 ms. Found 11 JPA repository interfaces.
2024-09-16T16:51:04.842-07:00  INFO 16910 --- [ecommerce] [           main] .s.d.r.c.RepositoryConfigurationDelegate : Multiple Spring Data modules found, entering strict repository configuration mode
2024-09-16T16:51:04.843-07:00  INFO 16910 --- [ecommerce] [           main] .s.d.r.c.RepositoryConfigurationDelegate : Bootstrapping Spring Data JDBC repositories in DEFAULT mode.
2024-09-16T16:51:04.891-07:00  INFO 16910 --- [ecommerce] [           main] .RepositoryConfigurationExtensionSupport : Spring Data JDBC - Could not safely identify store assignment for repository candidate interface com.rvlt.blog.repository.BlogRepository; If you want this repository to be a JDBC repository, consider annotating your entities with one of these annotations: org.springframework.data.relational.core.mapping.Table.
2024-09-16T16:51:04.892-07:00  INFO 16910 --- [ecommerce] [           main] .RepositoryConfigurationExtensionSupport : Spring Data JDBC - Could not safely identify store assignment for repository candidate interface com.rvlt.ecommerce.repository.CategoryRepository; If you want this repository to be a JDBC repository, consider annotating your entities with one of these annotations: org.springframework.data.relational.core.mapping.Table.
2024-09-16T16:51:04.892-07:00  INFO 16910 --- [ecommerce] [           main] .RepositoryConfigurationExtensionSupport : Spring Data JDBC - Could not safely identify store assignment for repository candidate interface com.rvlt.ecommerce.repository.InventoryRepository; If you want this repository to be a JDBC repository, consider annotating your entities with one of these annotations: org.springframework.data.relational.core.mapping.Table.
2024-09-16T16:51:04.892-07:00  INFO 16910 --- [ecommerce] [           main] .RepositoryConfigurationExtensionSupport : Spring Data JDBC - Could not safely identify store assignment for repository candidate interface com.rvlt.ecommerce.repository.OrderRepository; If you want this repository to be a JDBC repository, consider annotating your entities with one of these annotations: org.springframework.data.relational.core.mapping.Table.
2024-09-16T16:51:04.892-07:00  INFO 16910 --- [ecommerce] [           main] .RepositoryConfigurationExtensionSupport : Spring Data JDBC - Could not safely identify store assignment for repository candidate interface com.rvlt.ecommerce.repository.ProductCategoryRepository; If you want this repository to be a JDBC repository, consider annotating your entities with one of these annotations: org.springframework.data.relational.core.mapping.Table.
2024-09-16T16:51:04.892-07:00  INFO 16910 --- [ecommerce] [           main] .RepositoryConfigurationExtensionSupport : Spring Data JDBC - Could not safely identify store assignment for repository candidate interface com.rvlt.ecommerce.repository.ProductRepository; If you want this repository to be a JDBC repository, consider annotating your entities with one of these annotations: org.springframework.data.relational.core.mapping.Table.
2024-09-16T16:51:04.893-07:00  INFO 16910 --- [ecommerce] [           main] .RepositoryConfigurationExtensionSupport : Spring Data JDBC - Could not safely identify store assignment for repository candidate interface com.rvlt.ecommerce.repository.ProductViewRepository; If you want this repository to be a JDBC repository, consider annotating your entities with one of these annotations: org.springframework.data.relational.core.mapping.Table.
2024-09-16T16:51:04.893-07:00  INFO 16910 --- [ecommerce] [           main] .RepositoryConfigurationExtensionSupport : Spring Data JDBC - Could not safely identify store assignment for repository candidate interface com.rvlt.ecommerce.repository.SessionProductRepository; If you want this repository to be a JDBC repository, consider annotating your entities with one of these annotations: org.springframework.data.relational.core.mapping.Table.
2024-09-16T16:51:04.893-07:00  INFO 16910 --- [ecommerce] [           main] .RepositoryConfigurationExtensionSupport : Spring Data JDBC - Could not safely identify store assignment for repository candidate interface com.rvlt.ecommerce.repository.SessionRepository; If you want this repository to be a JDBC repository, consider annotating your entities with one of these annotations: org.springframework.data.relational.core.mapping.Table.
2024-09-16T16:51:04.894-07:00  INFO 16910 --- [ecommerce] [           main] .RepositoryConfigurationExtensionSupport : Spring Data JDBC - Could not safely identify store assignment for repository candidate interface com.rvlt.ecommerce.repository.UserRepository; If you want this repository to be a JDBC repository, consider annotating your entities with one of these annotations: org.springframework.data.relational.core.mapping.Table.
2024-09-16T16:51:04.894-07:00  INFO 16910 --- [ecommerce] [           main] .RepositoryConfigurationExtensionSupport : Spring Data JDBC - Could not safely identify store assignment for repository candidate interface com.rvlt.ecommerce.repository.WishlistRepository; If you want this repository to be a JDBC repository, consider annotating your entities with one of these annotations: org.springframework.data.relational.core.mapping.Table.
2024-09-16T16:51:04.894-07:00  INFO 16910 --- [ecommerce] [           main] .s.d.r.c.RepositoryConfigurationDelegate : Finished Spring Data repository scanning in 50 ms. Found 0 JDBC repository interfaces.
2024-09-16T16:51:06.181-07:00  INFO 16910 --- [ecommerce] [           main] o.hibernate.jpa.internal.util.LogHelper  : HHH000204: Processing PersistenceUnitInfo [name: default]
2024-09-16T16:51:06.251-07:00  INFO 16910 --- [ecommerce] [           main] org.hibernate.Version                    : HHH000412: Hibernate ORM core version 6.5.2.Final
2024-09-16T16:51:06.352-07:00  INFO 16910 --- [ecommerce] [           main] o.h.c.internal.RegionFactoryInitiator    : HHH000026: Second-level cache disabled
2024-09-16T16:51:06.711-07:00  INFO 16910 --- [ecommerce] [           main] o.s.o.j.p.SpringPersistenceUnitInfo      : No LoadTimeWeaver setup: ignoring JPA class transformer
2024-09-16T16:51:06.743-07:00  INFO 16910 --- [ecommerce] [           main] com.zaxxer.hikari.HikariDataSource       : HikariPool-1 - Starting...
2024-09-16T16:51:07.999-07:00  INFO 16910 --- [ecommerce] [           main] com.zaxxer.hikari.pool.HikariPool        : HikariPool-1 - Added connection org.postgresql.jdbc.PgConnection@2d8087da
2024-09-16T16:51:08.008-07:00  INFO 16910 --- [ecommerce] [           main] com.zaxxer.hikari.HikariDataSource       : HikariPool-1 - Start completed.
2024-09-16T16:51:08.144-07:00  WARN 16910 --- [ecommerce] [           main] org.hibernate.orm.deprecation            : HHH90000025: PostgreSQLDialect does not need to be specified explicitly using 'hibernate.dialect' (remove the property setting and it will be selected by default)
2024-09-16T16:51:08.974-07:00  WARN 16910 --- [ecommerce] [           main] org.hibernate.mapping.RootClass          : HHH000038: Composite-id class does not override equals(): com.rvlt._common.model.composite.ProductViewKey
2024-09-16T16:51:08.975-07:00  WARN 16910 --- [ecommerce] [           main] org.hibernate.mapping.RootClass          : HHH000039: Composite-id class does not override hashCode(): com.rvlt._common.model.composite.ProductViewKey
2024-09-16T16:51:08.975-07:00  WARN 16910 --- [ecommerce] [           main] org.hibernate.mapping.RootClass          : HHH000038: Composite-id class does not override equals(): com.rvlt._common.model.composite.ProductCategoryKey
2024-09-16T16:51:08.975-07:00  WARN 16910 --- [ecommerce] [           main] org.hibernate.mapping.RootClass          : HHH000039: Composite-id class does not override hashCode(): com.rvlt._common.model.composite.ProductCategoryKey
2024-09-16T16:51:08.976-07:00  WARN 16910 --- [ecommerce] [           main] org.hibernate.mapping.RootClass          : HHH000038: Composite-id class does not override equals(): com.rvlt._common.model.composite.SessionProductKey
2024-09-16T16:51:08.976-07:00  WARN 16910 --- [ecommerce] [           main] org.hibernate.mapping.RootClass          : HHH000039: Composite-id class does not override hashCode(): com.rvlt._common.model.composite.SessionProductKey
2024-09-16T16:51:10.016-07:00  INFO 16910 --- [ecommerce] [           main] o.h.e.t.j.p.i.JtaPlatformInitiator       : HHH000489: No JTA platform available (set 'hibernate.transaction.jta.platform' to enable JTA platform integration)
Hibernate: drop type if exists BlogStatus cascade
2024-09-16T16:51:10.318-07:00  WARN 16910 --- [ecommerce] [           main] o.h.engine.jdbc.spi.SqlExceptionHelper   : SQL Warning Code: 0, SQLState: 00000
2024-09-16T16:51:10.319-07:00  WARN 16910 --- [ecommerce] [           main] o.h.engine.jdbc.spi.SqlExceptionHelper   : drop cascades to 2 other objects
Hibernate: drop type if exists Role cascade
2024-09-16T16:51:10.405-07:00  WARN 16910 --- [ecommerce] [           main] o.h.engine.jdbc.spi.SqlExceptionHelper   : SQL Warning Code: 0, SQLState: 00000
2024-09-16T16:51:10.406-07:00  WARN 16910 --- [ecommerce] [           main] o.h.engine.jdbc.spi.SqlExceptionHelper   : drop cascades to 2 other objects
Hibernate: create type BlogStatus as enum ('ADMIN_PUBLISHED','ADMIN_REJECTED','MOD_APPROVED','MOD_REJECTED','MOD_SEND_BACK','PUBLIC','UNPUBLISHED','WAITING_MOD_APPROVAL')
Hibernate: create cast (varchar as BlogStatus) with inout as implicit
Hibernate: create cast (BlogStatus as varchar) with inout as implicit
Hibernate: create type Role as enum ('rvlt_admin','rvlt_mod','user')
Hibernate: create cast (varchar as Role) with inout as implicit
Hibernate: create cast (Role as varchar) with inout as implicit
2024-09-16T16:51:15.843-07:00  INFO 16910 --- [ecommerce] [           main] j.LocalContainerEntityManagerFactoryBean : Initialized JPA EntityManagerFactory for persistence unit 'default'
2024-09-16T16:51:17.078-07:00  INFO 16910 --- [ecommerce] [           main] o.s.d.j.r.query.QueryEnhancerFactory     : Hibernate is in classpath; If applicable, HQL parser will be used.
2024-09-16T16:51:20.161-07:00  INFO 16910 --- [ecommerce] [           main] o.s.b.a.e.web.EndpointLinksResolver      : Exposing 15 endpoints beneath base path '/actuator'
2024-09-16T16:51:20.385-07:00  INFO 16910 --- [ecommerce] [           main] o.s.a.r.c.CachingConnectionFactory       : Attempting to connect to: moose.rmq.cloudamqp.com:5672
2024-09-16T16:51:20.833-07:00  INFO 16910 --- [ecommerce] [           main] o.s.a.r.c.CachingConnectionFactory       : Created new connection: connectionFactory#2c634c0:0/SimpleConnection@27dc95b9 [delegate=amqp://hgwnfkda@44.223.162.67:5672/hgwnfkda, localPort=64532]
2024-09-16T16:51:21.714-07:00  INFO 16910 --- [ecommerce] [           main] c.r.ecommerce.EcommerceApplicationTests  : Started EcommerceApplicationTests in 20.004 seconds (process running for 21.488)
]]></system-out>
  </testcase>
</testsuite>